2012-11-06 10:47:01,510 [main] ERROR org.apache.commons.digester.Digester - Parse Fatal Error at line 1 column 67: XML 문서 구조는 동일한 엔티티에서 시작되고 끝나야 합니다.
org.xml.sax.SAXParseException; lineNumber: 1; columnNumber: 67; XML 문서 구조는 동일한 엔티티에서 시작되고 끝나야 합니다.
	at com.sun.org.apache.xerces.internal.util.ErrorHandlerWrapper.createSAXParseException(ErrorHandlerWrapper.java:198)
	at com.sun.org.apache.xerces.internal.util.ErrorHandlerWrapper.fatalError(ErrorHandlerWrapper.java:177)
	at com.sun.org.apache.xerces.internal.impl.XMLErrorReporter.reportError(XMLErrorReporter.java:441)
	at com.sun.org.apache.xerces.internal.impl.XMLErrorReporter.reportError(XMLErrorReporter.java:368)
	at com.sun.org.apache.xerces.internal.impl.XMLScanner.reportFatalError(XMLScanner.java:1388)
	at com.sun.org.apache.xerces.internal.impl.XMLDocumentFragmentScannerImpl.endEntity(XMLDocumentFragmentScannerImpl.java:865)
	at com.sun.org.apache.xerces.internal.impl.XMLDocumentScannerImpl.endEntity(XMLDocumentScannerImpl.java:564)
	at com.sun.org.apache.xerces.internal.impl.XMLEntityManager.endEntity(XMLEntityManager.java:1355)
	at com.sun.org.apache.xerces.internal.impl.XMLEntityScanner.load(XMLEntityScanner.java:1774)
	at com.sun.org.apache.xerces.internal.impl.XMLEntityScanner.scanLiteral(XMLEntityScanner.java:1074)
	at com.sun.org.apache.xerces.internal.impl.XMLScanner.scanAttributeValue(XMLScanner.java:787)
	at com.sun.org.apache.xerces.internal.impl.XMLNSDocumentScannerImpl.scanAttribute(XMLNSDocumentScannerImpl.java:436)
	at com.sun.org.apache.xerces.internal.impl.XMLNSDocumentScannerImpl.scanStartElement(XMLNSDocumentScannerImpl.java:253)
	at com.sun.org.apache.xerces.internal.impl.XMLDocumentFragmentScannerImpl$FragmentContentDriver.next(XMLDocumentFragmentScannerImpl.java:2717)
	at com.sun.org.apache.xerces.internal.impl.XMLDocumentScannerImpl.next(XMLDocumentScannerImpl.java:607)
	at com.sun.org.apache.xerces.internal.impl.XMLNSDocumentScannerImpl.next(XMLNSDocumentScannerImpl.java:116)
	at com.sun.org.apache.xerces.internal.impl.XMLDocumentFragmentScannerImpl.scanDocument(XMLDocumentFragmentScannerImpl.java:489)
	at com.sun.org.apache.xerces.internal.parsers.XML11Configuration.parse(XML11Configuration.java:835)
	at com.sun.org.apache.xerces.internal.parsers.XML11Configuration.parse(XML11Configuration.java:764)
	at com.sun.org.apache.xerces.internal.parsers.XMLParser.parse(XMLParser.java:123)
	at com.sun.org.apache.xerces.internal.parsers.AbstractSAXParser.parse(AbstractSAXParser.java:1210)
	at com.sun.org.apache.xerces.internal.jaxp.SAXParserImpl$JAXPSAXParser.parse(SAXParserImpl.java:568)
	at org.apache.commons.digester.Digester.parse(Digester.java:1911)
	at net.sf.jxls.parser.CellParser.parseTag(CellParser.java:286)
	at net.sf.jxls.parser.CellParser.parseCellValue(CellParser.java:194)
	at net.sf.jxls.parser.CellParser.parseCell(CellParser.java:55)
	at net.sf.jxls.transformer.SheetTransformer.parseCells(SheetTransformer.java:193)
	at net.sf.jxls.transformer.SheetTransformer.parseRow(SheetTransformer.java:263)
	at net.sf.jxls.transformer.SheetTransformer.transformSheet(SheetTransformer.java:80)
	at net.sf.jxls.transformer.XLSTransformer.transformWorkbook(XLSTransformer.java:239)
	at net.sf.jxls.transformer.XLSTransformer.transformXLS(XLSTransformer.java:218)
	at com.kyu.excel.generator.JXLSExcelGenerator.createWorkBook(JXLSExcelGenerator.java:37)
	at com.kyu.excel.ExcelHandler.createExcel(ExcelHandler.java:42)
	at com.kyu.excel.test.parse.IncrossCardBill.createExcel(IncrossCardBill.java:101)
	at com.kyu.excel.test.parse.IncrossCardBill.job(IncrossCardBill.java:84)
	at com.kyu.excel.test.parse.IncrossCardBill.main(IncrossCardBill.java:54)
2012-11-06 10:48:18,882 [main] ERROR org.apache.commons.digester.Digester - Parse Fatal Error at line 1 column 67: XML 문서 구조는 동일한 엔티티에서 시작되고 끝나야 합니다.
org.xml.sax.SAXParseException; lineNumber: 1; columnNumber: 67; XML 문서 구조는 동일한 엔티티에서 시작되고 끝나야 합니다.
	at com.sun.org.apache.xerces.internal.util.ErrorHandlerWrapper.createSAXParseException(ErrorHandlerWrapper.java:198)
	at com.sun.org.apache.xerces.internal.util.ErrorHandlerWrapper.fatalError(ErrorHandlerWrapper.java:177)
	at com.sun.org.apache.xerces.internal.impl.XMLErrorReporter.reportError(XMLErrorReporter.java:441)
	at com.sun.org.apache.xerces.internal.impl.XMLErrorReporter.reportError(XMLErrorReporter.java:368)
	at com.sun.org.apache.xerces.internal.impl.XMLScanner.reportFatalError(XMLScanner.java:1388)
	at com.sun.org.apache.xerces.internal.impl.XMLDocumentFragmentScannerImpl.endEntity(XMLDocumentFragmentScannerImpl.java:865)
	at com.sun.org.apache.xerces.internal.impl.XMLDocumentScannerImpl.endEntity(XMLDocumentScannerImpl.java:564)
	at com.sun.org.apache.xerces.internal.impl.XMLEntityManager.endEntity(XMLEntityManager.java:1355)
	at com.sun.org.apache.xerces.internal.impl.XMLEntityScanner.load(XMLEntityScanner.java:1774)
	at com.sun.org.apache.xerces.internal.impl.XMLEntityScanner.scanLiteral(XMLEntityScanner.java:1074)
	at com.sun.org.apache.xerces.internal.impl.XMLScanner.scanAttributeValue(XMLScanner.java:787)
	at com.sun.org.apache.xerces.internal.impl.XMLNSDocumentScannerImpl.scanAttribute(XMLNSDocumentScannerImpl.java:436)
	at com.sun.org.apache.xerces.internal.impl.XMLNSDocumentScannerImpl.scanStartElement(XMLNSDocumentScannerImpl.java:253)
	at com.sun.org.apache.xerces.internal.impl.XMLDocumentFragmentScannerImpl$FragmentContentDriver.next(XMLDocumentFragmentScannerImpl.java:2717)
	at com.sun.org.apache.xerces.internal.impl.XMLDocumentScannerImpl.next(XMLDocumentScannerImpl.java:607)
	at com.sun.org.apache.xerces.internal.impl.XMLNSDocumentScannerImpl.next(XMLNSDocumentScannerImpl.java:116)
	at com.sun.org.apache.xerces.internal.impl.XMLDocumentFragmentScannerImpl.scanDocument(XMLDocumentFragmentScannerImpl.java:489)
	at com.sun.org.apache.xerces.internal.parsers.XML11Configuration.parse(XML11Configuration.java:835)
	at com.sun.org.apache.xerces.internal.parsers.XML11Configuration.parse(XML11Configuration.java:764)
	at com.sun.org.apache.xerces.internal.parsers.XMLParser.parse(XMLParser.java:123)
	at com.sun.org.apache.xerces.internal.parsers.AbstractSAXParser.parse(AbstractSAXParser.java:1210)
	at com.sun.org.apache.xerces.internal.jaxp.SAXParserImpl$JAXPSAXParser.parse(SAXParserImpl.java:568)
	at org.apache.commons.digester.Digester.parse(Digester.java:1911)
	at net.sf.jxls.parser.CellParser.parseTag(CellParser.java:286)
	at net.sf.jxls.parser.CellParser.parseCellValue(CellParser.java:194)
	at net.sf.jxls.parser.CellParser.parseCell(CellParser.java:55)
	at net.sf.jxls.transformer.SheetTransformer.parseCells(SheetTransformer.java:193)
	at net.sf.jxls.transformer.SheetTransformer.parseRow(SheetTransformer.java:263)
	at net.sf.jxls.transformer.SheetTransformer.transformSheet(SheetTransformer.java:80)
	at net.sf.jxls.transformer.XLSTransformer.transformWorkbook(XLSTransformer.java:239)
	at net.sf.jxls.transformer.XLSTransformer.transformXLS(XLSTransformer.java:218)
	at com.kyu.excel.generator.JXLSExcelGenerator.createWorkBook(JXLSExcelGenerator.java:37)
	at com.kyu.excel.ExcelHandler.createExcel(ExcelHandler.java:42)
	at com.kyu.excel.test.parse.IncrossCardBill.createExcel(IncrossCardBill.java:101)
	at com.kyu.excel.test.parse.IncrossCardBill.job(IncrossCardBill.java:84)
	at com.kyu.excel.test.parse.IncrossCardBill.main(IncrossCardBill.java:54)
